<?xml version="1.0" encoding="UTF-8"?>
<!-- Generated by org.testng.reporters.JUnitReportReporter -->
<testsuite hostname="DESKTOP-US9O7O0" failures="0" tests="6" name="com.qa.cartapp.testcases.LoginPageTest" time="1.796" errors="0" timestamp="21 Sep 2022 18:09:25 GMT" skipped="1">
  <testcase classname="com.qa.cartapp.testcases.LoginPageTest" name="loginPageTitleTest" time="0.020"/>
  <testcase classname="com.qa.cartapp.testcases.LoginPageTest" name="loginPageUrlTest" time="0.017"/>
  <testcase classname="com.qa.cartapp.testcases.LoginPageTest" name="forgotPwdLinkExistTest" time="0.072"/>
  <testcase classname="com.qa.cartapp.testcases.LoginPageTest" name="loginTest" time="1.021"/>
  <testcase classname="com.qa.cartapp.testcases.LoginPageTest" name="invalidLoginTest" time="0.666"/>
  <testcase classname="com.qa.cartapp.testcases.LoginPageTest" name="loginPageFooterTest">
    <skipped/>
  </testcase> <!-- loginPageFooterTest -->
</testsuite> <!-- com.qa.cartapp.testcases.LoginPageTest -->
