<?xml version="1.0" encoding="UTF-8"?>
<!-- Generated by org.testng.reporters.JUnitReportReporter -->
<testsuite hostname="DESKTOP-US9O7O0" failures="0" tests="3" name="com.qa.cartapp.testcases.RegistrationPageTest" time="8.295" errors="0" timestamp="21 Sep 2022 18:09:25 GMT" skipped="0">
  <testcase classname="com.qa.cartapp.testcases.RegistrationPageTest" name="userRegTest" time="2.503"/>
  <testcase classname="com.qa.cartapp.testcases.RegistrationPageTest" name="userRegTest" time="2.590"/>
  <testcase classname="com.qa.cartapp.testcases.RegistrationPageTest" name="userRegTest" time="3.202"/>
</testsuite> <!-- com.qa.cartapp.testcases.RegistrationPageTest -->
